2025-07-26 09:34:00 | DEBUG | repo=a4m36jee-2014 | action=pull
2025-09-04 07:03:00 | INFO | repo=a4m36jee-2014 | action=commit
2025-08-02 19:14:00 | INFO | repo=a4m36jee-2014 | action=commit
2025-06-25 12:51:00 | INFO | repo=a4m36jee-2014 | action=commit
2025-10-08 08:14:00 | WARN | repo=a4m36jee-2014 | action=commit
2025-01-18 07:57:00 | WARN | repo=a4m36jee-2014 | action=test | passed=true
2025-10-15 10:27:00 | WARN | repo=a4m36jee-2014 | action=commit
2025-04-24 19:40:00 | DEBUG | repo=a4m36jee-2014 | action=commit
2025-06-07 11:18:00 | DEBUG | repo=a4m36jee-2014 | action=commit
2025-12-09 21:40:00 | WARN | repo=a4m36jee-2014 | action=commit
2025-10-17 10:49:00 | WARN | repo=a4m36jee-2014 | action=commit
2025-08-03 07:48:00 | WARN | repo=a4m36jee-2014 | action=commit
2025-07-09 17:59:00 | INFO | repo=a4m36jee-2014 | action=edit | files=5
2025-04-12 20:00:00 | DEBUG | repo=a4m36jee-2014 | action=commit
2025-10-28 17:09:00 | DEBUG | repo=a4m36jee-2014 | action=pull
2025-09-10 14:59:00 | DEBUG | repo=a4m36jee-2014 | action=edit | files=5
2025-08-17 08:07:00 | INFO | repo=a4m36jee-2014 | action=commit
2025-06-27 08:59:00 | INFO | repo=a4m36jee-2014 | action=commit
2025-08-19 20:17:00 | DEBUG | repo=a4m36jee-2014 | action=commit
2025-10-05 07:31:00 | INFO | repo=a4m36jee-2014 | action=commit
2025-12-22 16:52:00 | INFO | repo=a4m36jee-2014 | action=commit
2025-08-27 09:06:00 | DEBUG | repo=a4m36jee-2014 | action=commit
2025-01-09 13:54:00 | INFO | repo=a4m36jee-2014 | action=commit
2025-02-14 16:02:00 | DEBUG | repo=a4m36jee-2014 | action=commit
2025-11-26 21:02:00 | DEBUG | repo=a4m36jee-2014 | action=edit | files=3
2025-04-28 21:25:00 | WARN | repo=a4m36jee-2014 | action=commit
2025-02-09 20:27:00 | DEBUG | repo=a4m36jee-2014 | action=test | passed=true
2025-10-14 17:16:00 | WARN | repo=a4m36jee-2014 | action=commit
2025-04-05 07:05:00 | INFO | repo=a4m36jee-2014 | action=commit
2025-01-04 20:49:00 | INFO | repo=a4m36jee-2014 | action=commit
2025-04-17 10:42:00 | INFO | repo=a4m36jee-2014 | action=commit
2025-10-11 15:32:00 | DEBUG | repo=a4m36jee-2014 | action=commit
2025-11-19 15:07:00 | DEBUG | repo=a4m36jee-2014 | action=commit
2025-05-03 10:50:00 | DEBUG | repo=a4m36jee-2014 | action=commit
2025-02-28 20:21:00 | WARN | repo=a4m36jee-2014 | action=commit
2025-08-23 07:05:00 | DEBUG | repo=a4m36jee-2014 | action=commit
2025-06-10 17:11:00 | DEBUG | repo=a4m36jee-2014 | action=commit
2025-01-25 07:13:00 | WARN | repo=a4m36jee-2014 | action=commit
2025-08-05 17:04:00 | INFO | repo=a4m36jee-2014 | action=commit
2025-04-23 09:55:00 | WARN | repo=a4m36jee-2014 | action=test | passed=true
2025-06-24 14:54:00 | INFO | repo=a4m36jee-2014 | action=pull
2025-05-10 19:54:00 | DEBUG | repo=a4m36jee-2014 | action=commit
2025-02-08 11:49:00 | INFO | repo=a4m36jee-2014 | action=commit
2025-10-22 15:40:00 | DEBUG | repo=a4m36jee-2014 | action=commit
2025-05-01 07:40:00 | DEBUG | repo=a4m36jee-2014 | action=pull
2025-07-02 13:46:00 | INFO | repo=a4m36jee-2014 | action=commit
2025-03-21 13:11:00 | INFO | repo=a4m36jee-2014 | action=pull
2025-02-07 07:27:00 | WARN | repo=a4m36jee-2014 | action=commit
2025-02-11 17:23:00 | WARN | repo=a4m36jee-2014 | action=commit
2025-04-15 12:10:00 | WARN | repo=a4m36jee-2014 | action=pull
2025-08-27 08:16:00 | DEBUG | repo=a4m36jee-2014 | action=test | passed=true
2025-08-02 11:54:00 | WARN | repo=a4m36jee-2014 | action=edit | files=2
2025-09-08 08:51:00 | WARN | repo=a4m36jee-2014 | action=commit
2025-05-17 17:31:00 | WARN | repo=a4m36jee-2014 | action=pull
2025-01-04 07:32:00 | WARN | repo=a4m36jee-2014 | action=commit
2025-08-08 17:27:00 | INFO | repo=a4m36jee-2014 | action=commit
2025-02-20 10:50:00 | DEBUG | repo=a4m36jee-2014 | action=pull
2025-10-18 14:02:00 | WARN | repo=a4m36jee-2014 | action=test | passed=true
2025-08-14 21:56:00 | INFO | repo=a4m36jee-2014 | action=commit
2025-10-28 16:30:00 | WARN | repo=a4m36jee-2014 | action=commit
2025-11-14 21:46:00 | DEBUG | repo=a4m36jee-2014 | action=commit
2025-05-08 11:20:00 | INFO | repo=a4m36jee-2014 | action=commit
2025-03-17 20:46:00 | DEBUG | repo=a4m36jee-2014 | action=commit
2025-12-24 10:58:00 | WARN | repo=a4m36jee-2014 | action=commit
2025-01-23 20:27:00 | WARN | repo=a4m36jee-2014 | action=commit
2025-04-07 17:37:00 | WARN | repo=a4m36jee-2014 | action=commit
2025-12-25 19:32:00 | INFO | repo=a4m36jee-2014 | action=commit
2025-10-15 17:23:00 | WARN | repo=a4m36jee-2014 | action=commit
2025-11-08 17:21:00 | WARN | repo=a4m36jee-2014 | action=commit
2025-09-27 12:22:00 | INFO | repo=a4m36jee-2014 | action=commit
2025-07-28 20:16:00 | INFO | repo=a4m36jee-2014 | action=pull
2025-11-18 19:13:00 | DEBUG | repo=a4m36jee-2014 | action=commit
2025-10-28 11:12:00 | DEBUG | repo=a4m36jee-2014 | action=commit
2025-02-12 11:11:00 | INFO | repo=a4m36jee-2014 | action=commit
2025-04-18 21:28:00 | INFO | repo=a4m36jee-2014 | action=commit
2025-05-11 15:26:00 | WARN | repo=a4m36jee-2014 | action=pull
2025-08-05 16:04:00 | DEBUG | repo=a4m36jee-2014 | action=commit
2025-03-12 19:32:00 | WARN | repo=a4m36jee-2014 | action=commit
2025-08-06 21:03:00 | WARN | repo=a4m36jee-2014 | action=test | passed=true
2025-07-03 20:25:00 | DEBUG | repo=a4m36jee-2014 | action=commit
2025-11-23 16:06:00 | WARN | repo=a4m36jee-2014 | action=edit | files=2
2025-04-20 19:25:00 | INFO | repo=a4m36jee-2014 | action=commit
2025-08-01 08:39:00 | DEBUG | repo=a4m36jee-2014 | action=edit | files=4
2025-06-01 16:10:00 | INFO | repo=a4m36jee-2014 | action=commit
2025-10-08 13:30:00 | INFO | repo=a4m36jee-2014 | action=commit
2025-02-27 10:34:00 | INFO | repo=a4m36jee-2014 | action=commit
2025-01-06 09:19:00 | DEBUG | repo=a4m36jee-2014 | action=commit
2025-01-26 21:28:00 | DEBUG | repo=a4m36jee-2014 | action=commit
2025-06-01 09:26:00 | WARN | repo=a4m36jee-2014 | action=commit
2025-12-16 07:11:00 | DEBUG | repo=a4m36jee-2014 | action=commit
2025-10-16 13:50:00 | DEBUG | repo=a4m36jee-2014 | action=commit
2025-12-24 19:16:00 | DEBUG | repo=a4m36jee-2014 | action=test | passed=true
2025-07-10 07:12:00 | INFO | repo=a4m36jee-2014 | action=commit
